<?xml version="1.0" encoding="UTF-8"?>
<!-- Generated by org.testng.reporters.JUnitReportReporter -->
<testsuite hostname="DESKTOP-E2SFRTP" failures="0" tests="1" name="testpkg.CookieTest" time="65.587" errors="0" timestamp="2024-12-30T20:49:56 IST" skipped="0">
  <testcase classname="testpkg.CookieTest" name="testCookieman" time="65.587"/>
</testsuite> <!-- testpkg.CookieTest -->
